d:\apr28\socketdemo2 - sender_before_change_v36\icomm\debug\vc120.pdb
d:\apr28\socketdemo2 - sender_before_change_v36\icomm\debug\vc120.idb
d:\apr28\socketdemo2 - sender_before_change_v36\icomm\debug\blockingqueue.obj
d:\apr28\socketdemo2 - sender_before_change_v36\icomm\debug\chronotimer.obj
d:\apr28\socketdemo2 - sender_before_change_v36\icomm\debug\display.obj
d:\apr28\socketdemo2 - sender_before_change_v36\icomm\debug\filemanager.obj
d:\apr28\socketdemo2 - sender_before_change_v36\icomm\debug\abstractcommunicator.obj
d:\apr28\socketdemo2 - sender_before_change_v36\icomm\debug\communicator.obj
d:\apr28\socketdemo2 - sender_before_change_v36\icomm\debug\message.obj
d:\apr28\socketdemo2 - sender_before_change_v36\icomm\debug\receiver.obj
d:\apr28\socketdemo2 - sender_before_change_v36\icomm\debug\filesystem.obj
d:\apr28\socketdemo2 - sender_before_change_v36\icomm\debug\sender.obj
d:\apr28\socketdemo2 - sender_before_change_v36\icomm\debug\sockets.obj
d:\apr28\socketdemo2 - sender_before_change_v36\icomm\debug\locks.obj
d:\apr28\socketdemo2 - sender_before_change_v36\icomm\debug\comm.obj
d:\apr28\socketdemo2 - sender_before_change_v36\debug\icomm.lib
d:\apr28\socketdemo2 - sender_before_change_v36\debug\icomm.exp
d:\apr28\socketdemo2 - sender_before_change_v36\debug\icomm.ilk
d:\apr28\socketdemo2 - sender_before_change_v36\debug\icomm.dll
d:\apr28\socketdemo2 - sender_before_change_v36\debug\icomm.pdb
d:\apr28\socketdemo2 - sender_before_change_v36\icomm\debug\icomm.tlog\cl.command.1.tlog
d:\apr28\socketdemo2 - sender_before_change_v36\icomm\debug\icomm.tlog\cl.read.1.tlog
d:\apr28\socketdemo2 - sender_before_change_v36\icomm\debug\icomm.tlog\cl.write.1.tlog
d:\apr28\socketdemo2 - sender_before_change_v36\icomm\debug\icomm.tlog\icomm.write.1u.tlog
d:\apr28\socketdemo2 - sender_before_change_v36\icomm\debug\icomm.tlog\link.command.1.tlog
d:\apr28\socketdemo2 - sender_before_change_v36\icomm\debug\icomm.tlog\link.read.1.tlog
d:\apr28\socketdemo2 - sender_before_change_v36\icomm\debug\icomm.tlog\link.write.1.tlog
