d:\apr28\socketdemo2 - sender_before_change_v36\sender\debug\vc120.pdb
d:\apr28\socketdemo2 - sender_before_change_v36\sender\debug\vc120.idb
d:\apr28\socketdemo2 - sender_before_change_v36\sender\debug\blockingqueue.obj
d:\apr28\socketdemo2 - sender_before_change_v36\sender\debug\display.obj
d:\apr28\socketdemo2 - sender_before_change_v36\sender\debug\filemanager.obj
d:\apr28\socketdemo2 - sender_before_change_v36\sender\debug\abstractcommunicator.obj
d:\apr28\socketdemo2 - sender_before_change_v36\sender\debug\communicator.obj
d:\apr28\socketdemo2 - sender_before_change_v36\sender\debug\message.obj
d:\apr28\socketdemo2 - sender_before_change_v36\sender\debug\receiver.obj
d:\apr28\socketdemo2 - sender_before_change_v36\sender\debug\executive.obj
d:\apr28\socketdemo2 - sender_before_change_v36\sender\debug\sockets.obj
d:\apr28\socketdemo2 - sender_before_change_v36\sender\debug\locks.obj
d:\apr28\socketdemo2 - sender_before_change_v36\sender\debug\filesystem.obj
d:\apr28\socketdemo2 - sender_before_change_v36\sender\debug\sender.obj
d:\apr28\socketdemo2 - sender_before_change_v36\debug\sender.ilk
d:\apr28\socketdemo2 - sender_before_change_v36\debug\sender.exe
d:\apr28\socketdemo2 - sender_before_change_v36\debug\sender.pdb
d:\apr28\socketdemo2 - sender_before_change_v36\sender\debug\sender.tlog\cl.command.1.tlog
d:\apr28\socketdemo2 - sender_before_change_v36\sender\debug\sender.tlog\cl.read.1.tlog
d:\apr28\socketdemo2 - sender_before_change_v36\sender\debug\sender.tlog\cl.write.1.tlog
d:\apr28\socketdemo2 - sender_before_change_v36\sender\debug\sender.tlog\link.command.1.tlog
d:\apr28\socketdemo2 - sender_before_change_v36\sender\debug\sender.tlog\link.read.1.tlog
d:\apr28\socketdemo2 - sender_before_change_v36\sender\debug\sender.tlog\link.write.1.tlog
