d:\apr28\socketdemo2 - sender_before_change_v36\reciever\debug\vc120.pdb
d:\apr28\socketdemo2 - sender_before_change_v36\reciever\debug\vc120.idb
d:\apr28\socketdemo2 - sender_before_change_v36\reciever\debug\blockingqueue.obj
d:\apr28\socketdemo2 - sender_before_change_v36\reciever\debug\display.obj
d:\apr28\socketdemo2 - sender_before_change_v36\reciever\debug\filemanager.obj
d:\apr28\socketdemo2 - sender_before_change_v36\reciever\debug\abstractcommunicator.obj
d:\apr28\socketdemo2 - sender_before_change_v36\reciever\debug\communicator.obj
d:\apr28\socketdemo2 - sender_before_change_v36\reciever\debug\filesystem.obj
d:\apr28\socketdemo2 - sender_before_change_v36\reciever\debug\sender.obj
d:\apr28\socketdemo2 - sender_before_change_v36\reciever\debug\sockets.obj
d:\apr28\socketdemo2 - sender_before_change_v36\reciever\debug\locks.obj
d:\apr28\socketdemo2 - sender_before_change_v36\reciever\debug\message.obj
d:\apr28\socketdemo2 - sender_before_change_v36\reciever\debug\receiver.obj
d:\apr28\socketdemo2 - sender_before_change_v36\debug\reciever.ilk
d:\apr28\socketdemo2 - sender_before_change_v36\debug\reciever.exe
d:\apr28\socketdemo2 - sender_before_change_v36\debug\reciever.pdb
d:\apr28\socketdemo2 - sender_before_change_v36\reciever\debug\reciever.tlog\cl.command.1.tlog
d:\apr28\socketdemo2 - sender_before_change_v36\reciever\debug\reciever.tlog\cl.read.1.tlog
d:\apr28\socketdemo2 - sender_before_change_v36\reciever\debug\reciever.tlog\cl.write.1.tlog
d:\apr28\socketdemo2 - sender_before_change_v36\reciever\debug\reciever.tlog\link.command.1.tlog
d:\apr28\socketdemo2 - sender_before_change_v36\reciever\debug\reciever.tlog\link.read.1.tlog
d:\apr28\socketdemo2 - sender_before_change_v36\reciever\debug\reciever.tlog\link.write.1.tlog
