d:\apr28\socketdemo2 - sender_before_change_v36\clientexecutive\debug\vc120.pdb
d:\apr28\socketdemo2 - sender_before_change_v36\clientexecutive\debug\vc120.idb
d:\apr28\socketdemo2 - sender_before_change_v36\clientexecutive\debug\blockingqueue.obj
d:\apr28\socketdemo2 - sender_before_change_v36\clientexecutive\debug\chronotimer.obj
d:\apr28\socketdemo2 - sender_before_change_v36\clientexecutive\debug\abstractcommunicator.obj
d:\apr28\socketdemo2 - sender_before_change_v36\clientexecutive\debug\communicator.obj
d:\apr28\socketdemo2 - sender_before_change_v36\clientexecutive\debug\message.obj
d:\apr28\socketdemo2 - sender_before_change_v36\clientexecutive\debug\receiver.obj
d:\apr28\socketdemo2 - sender_before_change_v36\clientexecutive\debug\filesystem.obj
d:\apr28\socketdemo2 - sender_before_change_v36\clientexecutive\debug\sender.obj
d:\apr28\socketdemo2 - sender_before_change_v36\clientexecutive\debug\sockets.obj
d:\apr28\socketdemo2 - sender_before_change_v36\clientexecutive\debug\locks.obj
d:\apr28\socketdemo2 - sender_before_change_v36\clientexecutive\debug\display.obj
d:\apr28\socketdemo2 - sender_before_change_v36\clientexecutive\debug\executive.obj
d:\apr28\socketdemo2 - sender_before_change_v36\clientexecutive\debug\filemanager.obj
d:\apr28\socketdemo2 - sender_before_change_v36\debug\clientexecutive.ilk
d:\apr28\socketdemo2 - sender_before_change_v36\debug\clientexecutive.exe
d:\apr28\socketdemo2 - sender_before_change_v36\debug\clientexecutive.pdb
d:\apr28\socketdemo2 - sender_before_change_v36\clientexecutive\debug\clientexecutive.vcxprojresolveassemblyreference.cache
d:\apr28\socketdemo2 - sender_before_change_v36\clientexecutive\debug\clientexecutive.tlog\cl.command.1.tlog
d:\apr28\socketdemo2 - sender_before_change_v36\clientexecutive\debug\clientexecutive.tlog\cl.read.1.tlog
d:\apr28\socketdemo2 - sender_before_change_v36\clientexecutive\debug\clientexecutive.tlog\cl.write.1.tlog
d:\apr28\socketdemo2 - sender_before_change_v36\clientexecutive\debug\clientexecutive.tlog\link.command.1.tlog
d:\apr28\socketdemo2 - sender_before_change_v36\clientexecutive\debug\clientexecutive.tlog\link.read.1.tlog
d:\apr28\socketdemo2 - sender_before_change_v36\clientexecutive\debug\clientexecutive.tlog\link.write.1.tlog
