d:\apr28\socketdemo2 - sender_before_change_v36\serverexecutive\debug\vc120.pdb
d:\apr28\socketdemo2 - sender_before_change_v36\serverexecutive\debug\vc120.idb
d:\apr28\socketdemo2 - sender_before_change_v36\serverexecutive\debug\blockingqueue.obj
d:\apr28\socketdemo2 - sender_before_change_v36\serverexecutive\debug\chronotimer.obj
d:\apr28\socketdemo2 - sender_before_change_v36\serverexecutive\debug\display.obj
d:\apr28\socketdemo2 - sender_before_change_v36\serverexecutive\debug\filemanager.obj
d:\apr28\socketdemo2 - sender_before_change_v36\serverexecutive\debug\abstractcommunicator.obj
d:\apr28\socketdemo2 - sender_before_change_v36\serverexecutive\debug\communicator.obj
d:\apr28\socketdemo2 - sender_before_change_v36\serverexecutive\debug\message.obj
d:\apr28\socketdemo2 - sender_before_change_v36\serverexecutive\debug\receiver.obj
d:\apr28\socketdemo2 - sender_before_change_v36\serverexecutive\debug\filesystem.obj
d:\apr28\socketdemo2 - sender_before_change_v36\serverexecutive\debug\sender.obj
d:\apr28\socketdemo2 - sender_before_change_v36\serverexecutive\debug\sockets.obj
d:\apr28\socketdemo2 - sender_before_change_v36\serverexecutive\debug\locks.obj
d:\apr28\socketdemo2 - sender_before_change_v36\serverexecutive\debug\executive.obj
d:\apr28\socketdemo2 - sender_before_change_v36\debug\serverexecutive.ilk
d:\apr28\socketdemo2 - sender_before_change_v36\debug\serverexecutive.exe
d:\apr28\socketdemo2 - sender_before_change_v36\debug\serverexecutive.pdb
d:\apr28\socketdemo2 - sender_before_change_v36\serverexecutive\debug\serverexecutive.tlog\cl.command.1.tlog
d:\apr28\socketdemo2 - sender_before_change_v36\serverexecutive\debug\serverexecutive.tlog\cl.read.1.tlog
d:\apr28\socketdemo2 - sender_before_change_v36\serverexecutive\debug\serverexecutive.tlog\cl.write.1.tlog
d:\apr28\socketdemo2 - sender_before_change_v36\serverexecutive\debug\serverexecutive.tlog\link.command.1.tlog
d:\apr28\socketdemo2 - sender_before_change_v36\serverexecutive\debug\serverexecutive.tlog\link.read.1.tlog
d:\apr28\socketdemo2 - sender_before_change_v36\serverexecutive\debug\serverexecutive.tlog\link.write.1.tlog
